รง::1 - - [16/Feb/2017:14:33:45 +0000] "GET /me?fields=firstName%20lastName%20username%20avatar%20acl HTTP/1.1" 304 -
::1 - - [16/Feb/2017:14:33:45 +0000] "GET /smpage/58a5b128eb79a8c7907ac4e1 HTTP/1.1" 304 -
::1 - - [16/Feb/2017:14:33:45 +0000] "GET /smpagegroups/me HTTP/1.1" 304 -
::1 - - [16/Feb/2017:14:33:52 +0000] "GET /me?fields=firstName%20lastName%20username%20avatar%20acl HTTP/1.1" 304 -
::1 - - [16/Feb/2017:14:33:52 +0000] "GET /smpage/58a5b128eb79a8c7907ac4e1 HTTP/1.1" 304 -
::1 - - [16/Feb/2017:14:33:52 +0000] "GET /smpagegroups/me HTTP/1.1" 304 -
::1 - - [16/Feb/2017:14:33:56 +0000] "POST /smpage/58a5b128eb79a8c7907ac4e1/smpost HTTP/1.1" 200 347
::1 - - [16/Feb/2017:14:33:56 +0000] "PUT /smpost/58a5b85404cc21d24c9f4156/state HTTP/1.1" 200 412
::1 - - [16/Feb/2017:14:33:56 +0000] "GET /smpage/58a5b128eb79a8c7907ac4e1 HTTP/1.1" 200 701
::1 - - [16/Feb/2017:14:33:56 +0000] "GET /smpagegroups/me HTTP/1.1" 200 613
::1 - - [16/Feb/2017:14:33:56 +0000] "GET /smposts/?fromDate=Mon%20Jan%2016%202017%2016:33:56%20GMT+0200%20(EET)&toDate=Thu%20Mar%2016%202017%2016:33:56%20GMT+0200%20(EET)&pageID=58a5b128eb79a8c7907ac4e1 HTTP/1.1" 200 422
::1 - - [16/Feb/2017:14:35:13 +0000] "GET /me?fields=firstName%20lastName%20username%20avatar%20acl HTTP/1.1" 304 - "http://localhost:9000/" "Mozilla/5.0 (Macintosh; Intel Mac OS X 10_12_3) AppleWebKit/537.36 (KHTML, like Gecko) Chrome/55.0.2883.95 Safari/537.36"
::1 - - [16/Feb/2017:14:35:13 +0000] "GET /smpagegroups/me HTTP/1.1" 304 - "http://localhost:9000/" "Mozilla/5.0 (Macintosh; Intel Mac OS X 10_12_3) AppleWebKit/537.36 (KHTML, like Gecko) Chrome/55.0.2883.95 Safari/537.36"
::1 - - [16/Feb/2017:14:35:13 +0000] "GET /smpage/58a5b128eb79a8c7907ac4e1 HTTP/1.1" 304 - "http://localhost:9000/" "Mozilla/5.0 (Macintosh; Intel Mac OS X 10_12_3) AppleWebKit/537.36 (KHTML, like Gecko) Chrome/55.0.2883.95 Safari/537.36"
::1 - - [16/Feb/2017:14:35:13 +0000] "GET /smposts/?fromDate=Mon%20Jan%2016%202017%2016:35:13%20GMT+0200%20(EET)&toDate=Thu%20Mar%2016%202017%2016:35:13%20GMT+0200%20(EET)&pageID=58a5b128eb79a8c7907ac4e1 HTTP/1.1" 200 422 "http://localhost:9000/" "Mozilla/5.0 (Macintosh; Intel Mac OS X 10_12_3) AppleWebKit/537.36 (KHTML, like Gecko) Chrome/55.0.2883.95 Safari/537.36"
::1 - - [09/Mar/2017:15:09:26 +0000] "GET /me?fields=firstName%20lastName%20username%20avatar%20acl HTTP/1.1" 200 499 "http://localhost:9000/dashboard/58bf3d2bcd90ef191c287ef7/58c155854cb50c43f9748804" "Mozilla/5.0 (Macintosh; Intel Mac OS X 10_12_3) AppleWebKit/537.36 (KHTML, like Gecko) Chrome/56.0.2924.87 Safari/537.36"
::1 - - [09/Mar/2017:15:09:26 +0000] "GET /smpagegroups/me HTTP/1.1" 200 577 "http://localhost:9000/dashboard/58bf3d2bcd90ef191c287ef7/58c155854cb50c43f9748804" "Mozilla/5.0 (Macintosh; Intel Mac OS X 10_12_3) AppleWebKit/537.36 (KHTML, like Gecko) Chrome/56.0.2924.87 Safari/537.36"
::1 - - [09/Mar/2017:15:09:26 +0000] "GET /smpage/58c155854cb50c43f9748804 HTTP/1.1" 200 504 "http://localhost:9000/dashboard/58bf3d2bcd90ef191c287ef7/58c155854cb50c43f9748804" "Mozilla/5.0 (Macintosh; Intel Mac OS X 10_12_3) AppleWebKit/537.36 (KHTML, like Gecko) Chrome/56.0.2924.87 Safari/537.36"
::1 - - [09/Mar/2017:15:09:26 +0000] "GET /smposts/?fromDate=Thu%20Feb%2009%202017%2017:09:26%20GMT+0200%20(EET)&toDate=Sun%20Apr%2009%202017%2017:09:26%20GMT+0300%20(EEST)&pageID=58c155854cb50c43f9748804 HTTP/1.1" 200 2 "http://localhost:9000/dashboard/58bf3d2bcd90ef191c287ef7/58c155854cb50c43f9748804" "Mozilla/5.0 (Macintosh; Intel Mac OS X 10_12_3) AppleWebKit/537.36 (KHTML, like Gecko) Chrome/56.0.2924.87 Safari/537.36"
::1 - - [09/Mar/2017:15:10:27 +0000] "GET /smpage/58c155854cb50c43f9748804 HTTP/1.1" 200 504 "http://localhost:9000/dashboard/58bf3d2bcd90ef191c287ef7/58c155854cb50c43f9748804/post" "Mozilla/5.0 (Macintosh; Intel Mac OS X 10_12_3) AppleWebKit/537.36 (KHTML, like Gecko) Chrome/56.0.2924.87 Safari/537.36"
::1 - - [09/Mar/2017:15:10:27 +0000] "GET /smpagegroups/me HTTP/1.1" 200 577 "http://localhost:9000/dashboard/58bf3d2bcd90ef191c287ef7/58c155854cb50c43f9748804/post" "Mozilla/5.0 (Macintosh; Intel Mac OS X 10_12_3) AppleWebKit/537.36 (KHTML, like Gecko) Chrome/56.0.2924.87 Safari/537.36"
::1 - - [09/Mar/2017:15:10:40 +0000] "POST /smpage/58c155854cb50c43f9748804/smpost HTTP/1.1" 400 559 "http://localhost:9000/dashboard/58bf3d2bcd90ef191c287ef7/58c155854cb50c43f9748804/post" "Mozilla/5.0 (Macintosh; Intel Mac OS X 10_12_3) AppleWebKit/537.36 (KHTML, like Gecko) Chrome/56.0.2924.87 Safari/537.36"
